  readFile.cpp
E:\code C++\DataType\MiniProject_Group1_My_Hoang_Tien_Nghia_EMB_03\MiniProject_Group1_My_Hoang_Tien_Nghia_EMB_03\readFile.cpp(17,17): warning C4477: 'sscanf' : format string '%f' requires an argument of type 'float *', but variadic argument 8 has type 'unsigned short *'
E:\code C++\DataType\MiniProject_Group1_My_Hoang_Tien_Nghia_EMB_03\MiniProject_Group1_My_Hoang_Tien_Nghia_EMB_03\readFile.cpp(24,17): warning C4477: 'sscanf' : format string '%f' requires an argument of type 'float *', but variadic argument 4 has type 'unsigned short *'
E:\code C++\DataType\MiniProject_Group1_My_Hoang_Tien_Nghia_EMB_03\MiniProject_Group1_My_Hoang_Tien_Nghia_EMB_03\readFile.cpp(24,17): warning C4477: 'sscanf' : format string '%f' requires an argument of type 'float *', but variadic argument 5 has type 'unsigned short *'
E:\code C++\DataType\MiniProject_Group1_My_Hoang_Tien_Nghia_EMB_03\MiniProject_Group1_My_Hoang_Tien_Nghia_EMB_03\readFile.cpp(24,17): warning C4477: 'sscanf' : format string '%f' requires an argument of type 'float *', but variadic argument 7 has type 'unsigned short *'
E:\code C++\DataType\MiniProject_Group1_My_Hoang_Tien_Nghia_EMB_03\MiniProject_Group1_My_Hoang_Tien_Nghia_EMB_03\readFile.cpp(24,17): warning C4477: 'sscanf' : format string '%f' requires an argument of type 'float *', but variadic argument 8 has type 'unsigned short *'
E:\code C++\DataType\MiniProject_Group1_My_Hoang_Tien_Nghia_EMB_03\MiniProject_Group1_My_Hoang_Tien_Nghia_EMB_03\readFile.cpp(24,17): warning C4477: 'sscanf' : format string '%f' requires an argument of type 'float *', but variadic argument 10 has type 'unsigned short *'
E:\code C++\DataType\MiniProject_Group1_My_Hoang_Tien_Nghia_EMB_03\MiniProject_Group1_My_Hoang_Tien_Nghia_EMB_03\readFile.cpp(24,17): warning C4477: 'sscanf' : format string '%f' requires an argument of type 'float *', but variadic argument 11 has type 'unsigned short *'
E:\code C++\DataType\MiniProject_Group1_My_Hoang_Tien_Nghia_EMB_03\MiniProject_Group1_My_Hoang_Tien_Nghia_EMB_03\readFile.cpp(24,17): warning C4477: 'sscanf' : format string '%f' requires an argument of type 'float *', but variadic argument 13 has type 'unsigned short *'
E:\code C++\DataType\MiniProject_Group1_My_Hoang_Tien_Nghia_EMB_03\MiniProject_Group1_My_Hoang_Tien_Nghia_EMB_03\readFile.cpp(24,17): warning C4477: 'sscanf' : format string '%f' requires an argument of type 'float *', but variadic argument 14 has type 'unsigned short *'
E:\code C++\DataType\MiniProject_Group1_My_Hoang_Tien_Nghia_EMB_03\MiniProject_Group1_My_Hoang_Tien_Nghia_EMB_03\readFile.cpp(24,17): warning C4477: 'sscanf' : format string '%f' requires an argument of type 'float *', but variadic argument 16 has type 'unsigned short *'
E:\code C++\DataType\MiniProject_Group1_My_Hoang_Tien_Nghia_EMB_03\MiniProject_Group1_My_Hoang_Tien_Nghia_EMB_03\readFile.cpp(24,17): warning C4477: 'sscanf' : format string '%f' requires an argument of type 'float *', but variadic argument 17 has type 'unsigned short *'
E:\code C++\DataType\MiniProject_Group1_My_Hoang_Tien_Nghia_EMB_03\MiniProject_Group1_My_Hoang_Tien_Nghia_EMB_03\readFile.cpp(24,17): warning C4477: 'sscanf' : format string '%f' requires an argument of type 'float *', but variadic argument 19 has type 'unsigned short *'
E:\code C++\DataType\MiniProject_Group1_My_Hoang_Tien_Nghia_EMB_03\MiniProject_Group1_My_Hoang_Tien_Nghia_EMB_03\readFile.cpp(24,17): warning C4477: 'sscanf' : format string '%f' requires an argument of type 'float *', but variadic argument 20 has type 'unsigned short *'
E:\code C++\DataType\MiniProject_Group1_My_Hoang_Tien_Nghia_EMB_03\MiniProject_Group1_My_Hoang_Tien_Nghia_EMB_03\readFile.cpp(24,17): warning C4477: 'sscanf' : format string '%f' requires an argument of type 'float *', but variadic argument 22 has type 'unsigned short *'
E:\code C++\DataType\MiniProject_Group1_My_Hoang_Tien_Nghia_EMB_03\MiniProject_Group1_My_Hoang_Tien_Nghia_EMB_03\readFile.cpp(24,17): warning C4477: 'sscanf' : format string '%f' requires an argument of type 'float *', but variadic argument 23 has type 'unsigned short *'
E:\code C++\DataType\MiniProject_Group1_My_Hoang_Tien_Nghia_EMB_03\MiniProject_Group1_My_Hoang_Tien_Nghia_EMB_03\readFile.cpp(24,17): warning C4477: 'sscanf' : format string '%f' requires an argument of type 'float *', but variadic argument 24 has type 'unsigned short *'
main.obj : error LNK2019: unresolved external symbol "int __cdecl readFile(char const *,struct student *,int *)" (?readFile@@YAHPEBDPEAUstudent@@PEAH@Z) referenced in function main
    Hint on symbols that are defined and could potentially match:
      "int __cdecl readFile(char *,struct student *,int *)" (?readFile@@YAHPEADPEAUstudent@@PEAH@Z)
printtMenu.obj : error LNK2019: unresolved external symbol "void __cdecl move(struct student *,int *)" (?move@@YAXPEAUstudent@@PEAH@Z) referenced in function "void __cdecl printMenu(struct student *,int *)" (?printMenu@@YAXPEAUstudent@@PEAH@Z)
    Hint on symbols that are defined and could potentially match:
      "void __cdecl move(struct student *,int *,int,int)" (?move@@YAXPEAUstudent@@PEAHHH@Z)
readFile.obj : error LNK2001: unresolved external symbol "char * pathFile" (?pathFile@@3PADA)
E:\code C++\DataType\MiniProject_Group1_My_Hoang_Tien_Nghia_EMB_03\x64\Debug\MiniProject_Group1_My_Hoang_Tien_Nghia_EMB_03.exe : fatal error LNK1120: 3 unresolved externals
